# JRE version: Java(TM) SE Runtime Environment (8.0_221-b11) (build 1.8.0_221-b11)
# Java VM: Java HotSpot(TM) 64-Bit Server VM (25.221-b11 mixed mode windows-amd64 compressed oops)
Heap:
 PSYoungGen      total 80384K, used 39233K [0x00000000d5e00000, 0x00000000dc080000, 0x0000000100000000)
  eden space 65536K, 59% used [0x00000000d5e00000,0x00000000d8450580,0x00000000d9e00000)
  from space 14848K, 0% used [0x00000000db200000,0x00000000db200000,0x00000000dc080000)
  to   space 11264K, 0% used [0x00000000d9e00000,0x00000000d9e00000,0x00000000da900000)
 ParOldGen       total 173056K, used 26902K [0x0000000081a00000, 0x000000008c300000, 0x00000000d5e00000)
  object space 173056K, 15% used [0x0000000081a00000,0x0000000083445ab8,0x000000008c300000)
 Metaspace       used 40851K, capacity 42707K, committed 43008K, reserved 1099776K
  class space    used 5458K, capacity 5829K, committed 5888K, reserved 1048576K
GC Heap History (10 events):
Event: 11.008 GC heap before
{Heap before GC invocations=22 (full 4):
 PSYoungGen      total 76800K, used 76768K [0x00000000d5e00000, 0x00000000dc080000, 0x0000000100000000)
  eden space 65536K, 100% used [0x00000000d5e00000,0x00000000d9e00000,0x00000000d9e00000)
  from space 11264K, 99% used [0x00000000d9e00000,0x00000000da8f8108,0x00000000da900000)
  to   space 14848K, 0% used [0x00000000db200000,0x00000000db200000,0x00000000dc080000)
 ParOldGen       total 173056K, used 15616K [0x0000000081a00000, 0x000000008c300000, 0x00000000d5e00000)
  object space 173056K, 9% used [0x0000000081a00000,0x00000000829401c8,0x000000008c300000)
 Metaspace       used 37597K, capacity 39347K, committed 39424K, reserved 1091584K
  class space    used 5003K, capacity 5343K, committed 5376K, reserved 1048576K
Event: 11.027 GC heap after
Heap after GC invocations=22 (full 4):
 PSYoungGen      total 80384K, used 12617K [0x00000000d5e00000, 0x00000000dc080000, 0x0000000100000000)
  eden space 65536K, 0% used [0x00000000d5e00000,0x00000000d5e00000,0x00000000d9e00000)
  from space 14848K, 84% used [0x00000000db200000,0x00000000dbe524c8,0x00000000dc080000)
  to   space 11264K, 0% used [0x00000000d9e00000,0x00000000d9e00000,0x00000000da900000)
 ParOldGen       total 173056K, used 18304K [0x0000000081a00000, 0x000000008c300000, 0x00000000d5e00000)
  object space 173056K, 10% used [0x0000000081a00000,0x0000000082be0208,0x000000008c300000)
 Metaspace       used 37597K, capacity 39347K, committed 39424K, reserved 1091584K
  class space    used 5003K, capacity 5343K, committed 5376K, reserved 1048576K
}
Event: 11.316 GC heap before
{Heap before GC invocations=23 (full 4):
 PSYoungGen      total 80384K, used 43458K [0x00000000d5e00000, 0x00000000dc080000, 0x0000000100000000)
  eden space 65536K, 47% used [0x00000000d5e00000,0x00000000d7c1e4b0,0x00000000d9e00000)
  from space 14848K, 84% used [0x00000000db200000,0x00000000dbe524c8,0x00000000dc080000)
  to   space 11264K, 0% used [0x00000000d9e00000,0x00000000d9e00000,0x00000000da900000)
 ParOldGen       total 173056K, used 18304K [0x0000000081a00000, 0x000000008c300000, 0x00000000d5e00000)
  object space 173056K, 10% used [0x0000000081a00000,0x0000000082be0208,0x000000008c300000)
 Metaspace       used 38349K, capacity 40087K, committed 40180K, reserved 1091584K
  class space    used 5109K, capacity 5433K, committed 5504K, reserved 1048576K
Event: 11.326 GC heap after
Heap after GC invocations=23 (full 4):
 PSYoungGen      total 76800K, used 11247K [0x00000000d5e00000, 0x00000000dc080000, 0x0000000100000000)
  eden space 65536K, 0% used [0x00000000d5e00000,0x00000000d5e00000,0x00000000d9e00000)
  from space 11264K, 99% used [0x00000000d9e00000,0x00000000da8fbc98,0x00000000da900000)
  to   space 14848K, 0% used [0x00000000db200000,0x00000000db200000,0x00000000dc080000)
 ParOldGen       total 173056K, used 19333K [0x0000000081a00000, 0x000000008c300000, 0x00000000d5e00000)
  object space 173056K, 11% used [0x0000000081a00000,0x0000000082ce1558,0x000000008c300000)
 Metaspace       used 38349K, capacity 40087K, committed 40180K, reserved 1091584K
  class space    used 5109K, capacity 5433K, committed 5504K, reserved 1048576K
}
Event: 11.326 GC heap before
{Heap before GC invocations=24 (full 5):
 PSYoungGen      total 76800K, used 11247K [0x00000000d5e00000, 0x00000000dc080000, 0x0000000100000000)
  eden space 65536K, 0% used [0x00000000d5e00000,0x00000000d5e00000,0x00000000d9e00000)
  from space 11264K, 99% used [0x00000000d9e00000,0x00000000da8fbc98,0x00000000da900000)
  to   space 14848K, 0% used [0x00000000db200000,0x00000000db200000,0x00000000dc080000)
 ParOldGen       total 173056K, used 19333K [0x0000000081a00000, 0x000000008c300000, 0x00000000d5e00000)
  object space 173056K, 11% used [0x0000000081a00000,0x0000000082ce1558,0x000000008c300000)
 Metaspace       used 38349K, capacity 40087K, committed 40180K, reserved 1091584K
  class space    used 5109K, capacity 5433K, committed 5504K, reserved 1048576K
Event: 11.443 GC heap after
Heap after GC invocations=24 (full 5):
 PSYoungGen      total 76800K, used 0K [0x00000000d5e00000, 0x00000000dc080000, 0x0000000100000000)
  eden space 65536K, 0% used [0x00000000d5e00000,0x00000000d5e00000,0x00000000d9e00000)
  from space 11264K, 0% used [0x00000000d9e00000,0x00000000d9e00000,0x00000000da900000)
  to   space 14848K, 0% used [0x00000000db200000,0x00000000db200000,0x00000000dc080000)
 ParOldGen       total 173056K, used 26021K [0x0000000081a00000, 0x000000008c300000, 0x00000000d5e00000)
  object space 173056K, 15% used [0x0000000081a00000,0x0000000083369690,0x000000008c300000)
 Metaspace       used 38349K, capacity 40087K, committed 40180K, reserved 1091584K
  class space    used 5109K, capacity 5433K, committed 5504K, reserved 1048576K
}
Event: 11.589 GC heap before
{Heap before GC invocations=25 (full 5):
 PSYoungGen      total 76800K, used 16056K [0x00000000d5e00000, 0x00000000dc080000, 0x0000000100000000)
  eden space 65536K, 24% used [0x00000000d5e00000,0x00000000d6dae1f0,0x00000000d9e00000)
  from space 11264K, 0% used [0x00000000d9e00000,0x00000000d9e00000,0x00000000da900000)
  to   space 14848K, 0% used [0x00000000db200000,0x00000000db200000,0x00000000dc080000)
 ParOldGen       total 173056K, used 26021K [0x0000000081a00000, 0x000000008c300000, 0x00000000d5e00000)
  object space 173056K, 15% used [0x0000000081a00000,0x0000000083369690,0x000000008c300000)
 Metaspace       used 39898K, capacity 41693K, committed 41856K, reserved 1101824K
  class space    used 5314K, capacity 5650K, committed 5760K, reserved 1048576K
Event: 11.592 GC heap after
Heap after GC invocations=25 (full 5):
 PSYoungGen      total 80384K, used 1821K [0x00000000d5e00000, 0x00000000dc080000, 0x0000000100000000)
  eden space 65536K, 0% used [0x00000000d5e00000,0x00000000d5e00000,0x00000000d9e00000)
  from space 14848K, 12% used [0x00000000db200000,0x00000000db3c7440,0x00000000dc080000)
  to   space 11264K, 0% used [0x00000000d9e00000,0x00000000d9e00000,0x00000000da900000)
 ParOldGen       total 173056K, used 26029K [0x0000000081a00000, 0x000000008c300000, 0x00000000d5e00000)
  object space 173056K, 15% used [0x0000000081a00000,0x000000008336b690,0x000000008c300000)
 Metaspace       used 39898K, capacity 41693K, committed 41856K, reserved 1101824K
  class space    used 5314K, capacity 5650K, committed 5760K, reserved 1048576K
}
Event: 11.592 GC heap before
{Heap before GC invocations=26 (full 6):
 PSYoungGen      total 80384K, used 1821K [0x00000000d5e00000, 0x00000000dc080000, 0x0000000100000000)
  eden space 65536K, 0% used [0x00000000d5e00000,0x00000000d5e00000,0x00000000d9e00000)
  from space 14848K, 12% used [0x00000000db200000,0x00000000db3c7440,0x00000000dc080000)
  to   space 11264K, 0% used [0x00000000d9e00000,0x00000000d9e00000,0x00000000da900000)
 ParOldGen       total 173056K, used 26029K [0x0000000081a00000, 0x000000008c300000, 0x00000000d5e00000)
  object space 173056K, 15% used [0x0000000081a00000,0x000000008336b690,0x000000008c300000)
 Metaspace       used 39898K, capacity 41693K, committed 41856K, reserved 1101824K
  class space    used 5314K, capacity 5650K, committed 5760K, reserved 1048576K
Event: 11.839 GC heap after
Heap after GC invocations=26 (full 6):
 PSYoungGen      total 80384K, used 0K [0x00000000d5e00000, 0x00000000dc080000, 0x0000000100000000)
  eden space 65536K, 0% used [0x00000000d5e00000,0x00000000d5e00000,0x00000000d9e00000)
  from space 14848K, 0% used [0x00000000db200000,0x00000000db200000,0x00000000dc080000)
  to   space 11264K, 0% used [0x00000000d9e00000,0x00000000d9e00000,0x00000000da900000)
 ParOldGen       total 173056K, used 26902K [0x0000000081a00000, 0x000000008c300000, 0x00000000d5e00000)
  object space 173056K, 15% used [0x0000000081a00000,0x0000000083445ab8,0x000000008c300000)
 Metaspace       used 39898K, capacity 41693K, committed 41856K, reserved 1099776K
  class space    used 5314K, capacity 5650K, committed 5760K, reserved 1048576K
}

